<?xml version="1.0" encoding="UTF-8"?>
<robot generator="Robot 5.0.1 (Python 3.10.7 on win32)" generated="20221006 11:47:22.303" rpa="false" schemaversion="3">
<suite id="s1" name="Test" source="C:\Projects\PERSONAL\TRATAMENTOS_ERROS_ROBOT\test\features\test.robot">
<test id="s1-t1" name="Cenário: Testes Condicionais" line="8">
<kw name="Log To Console" library="BuiltIn" type="SETUP">
<arg>.</arg>
<doc>Logs the given message to the console.</doc>
<status status="PASS" starttime="20221006 11:47:22.490" endtime="20221006 11:47:22.490"/>
</kw>
<kw name="Verificar se 2 &gt; 1" library="kws_home" sourcename="Verificar se ${valor1} &gt; ${valor2}">
<try>
<branch type="TRY">
<if>
<branch type="IF" condition="${valor1} &gt; ${valor2}">
<kw name="Fail" library="BuiltIn">
<arg>Deu Certo!</arg>
<doc>Fails the test with the given message and optionally alters its tags.</doc>
<msg timestamp="20221006 11:47:22.491" level="FAIL">Deu Certo!</msg>
<status status="FAIL" starttime="20221006 11:47:22.491" endtime="20221006 11:47:22.491"/>
</kw>
<status status="FAIL" starttime="20221006 11:47:22.491" endtime="20221006 11:47:22.492"/>
</branch>
<status status="FAIL" starttime="20221006 11:47:22.491" endtime="20221006 11:47:22.492"/>
</if>
<status status="FAIL" starttime="20221006 11:47:22.491" endtime="20221006 11:47:22.492"/>
</branch>
<branch type="EXCEPT">
<kw name="Log To Console" library="BuiltIn">
<arg>Deu errado!</arg>
<doc>Logs the given message to the console.</doc>
<status status="PASS" starttime="20221006 11:47:22.492" endtime="20221006 11:47:22.492"/>
</kw>
<status status="PASS" starttime="20221006 11:47:22.492" endtime="20221006 11:47:22.492"/>
</branch>
<branch type="FINALLY">
<kw name="Log To Console" library="BuiltIn">
<arg>Concluiu o teste!</arg>
<doc>Logs the given message to the console.</doc>
<status status="PASS" starttime="20221006 11:47:22.493" endtime="20221006 11:47:22.493"/>
</kw>
<status status="PASS" starttime="20221006 11:47:22.492" endtime="20221006 11:47:22.493"/>
</branch>
<status status="PASS" starttime="20221006 11:47:22.491" endtime="20221006 11:47:22.493"/>
</try>
<status status="PASS" starttime="20221006 11:47:22.490" endtime="20221006 11:47:22.494"/>
</kw>
<status status="PASS" starttime="20221006 11:47:22.489" endtime="20221006 11:47:22.494"/>
</test>
<doc>Demonstração de tipos de variáveis</doc>
<status status="PASS" starttime="20221006 11:47:22.304" endtime="20221006 11:47:22.496"/>
</suite>
<statistics>
<total>
<stat pass="1" fail="0" skip="0">All Tests</stat>
</total>
<tag>
</tag>
<suite>
<stat pass="1" fail="0" skip="0" id="s1" name="Test">Test</stat>
</suite>
</statistics>
<errors>
<msg timestamp="20221006 11:47:22.485" level="ERROR">Error in file 'C:\Projects\PERSONAL\TRATAMENTOS_ERROS_ROBOT\src\config\package.robot' on line 12: Resource file '..\auto\pages\home_pages.robot' does not exist.</msg>
</errors>
</robot>
