<?xml version="1.0" encoding="UTF-8"?>
<robot generator="Robot 5.0.1 (Python 3.10.7 on win32)" generated="20221006 11:35:54.802" rpa="false" schemaversion="3">
<suite id="s1" name="Test" source="C:\Projects\PERSONAL\ARGUMENTOS_ROBOT\EMBUTIDO_ROBOT\test\features\test.robot">
<test id="s1-t1" name="Cenário: Divisão" line="8">
<kw name="Log To Console" library="BuiltIn" type="SETUP">
<arg>.</arg>
<doc>Logs the given message to the console.</doc>
<status status="PASS" starttime="20221006 11:35:54.982" endtime="20221006 11:35:54.983"/>
</kw>
<kw name="Dividir numero 8 por 2" library="kws_home" sourcename="Dividir numero ${valor1} por ${valor2}">
<kw name="Evaluate" library="BuiltIn">
<var>${resultado}</var>
<arg>${valor1}/${valor2}</arg>
<doc>Evaluates the given expression in Python and returns the result.</doc>
<msg timestamp="20221006 11:35:54.983" level="INFO">${resultado} = 4.0</msg>
<status status="PASS" starttime="20221006 11:35:54.983" endtime="20221006 11:35:54.983"/>
</kw>
<kw name="Log To Console" library="BuiltIn">
<arg>O resultado da divisão é: ${resultado}</arg>
<doc>Logs the given message to the console.</doc>
<status status="PASS" starttime="20221006 11:35:54.983" endtime="20221006 11:35:54.984"/>
</kw>
<status status="PASS" starttime="20221006 11:35:54.983" endtime="20221006 11:35:54.984"/>
</kw>
<status status="PASS" starttime="20221006 11:35:54.981" endtime="20221006 11:35:54.984"/>
</test>
<status status="PASS" starttime="20221006 11:35:54.804" endtime="20221006 11:35:54.986"/>
</suite>
<statistics>
<total>
<stat pass="1" fail="0" skip="0">All Tests</stat>
</total>
<tag>
</tag>
<suite>
<stat pass="1" fail="0" skip="0" id="s1" name="Test">Test</stat>
</suite>
</statistics>
<errors>
</errors>
</robot>
