<?xml version="1.0" encoding="UTF-8"?>
<robot generator="Robot 5.0.1 (Python 3.10.7 on win32)" generated="20221006 11:53:48.283" rpa="false" schemaversion="3">
<suite id="s1" name="Test" source="C:\Projects\PERSONAL\MAPEAR_ELEMENTOS_ROBOT\test\features\test.robot">
<test id="s1-t1" name="Caso de Teste 01: Pesquisar produto existente" line="9">
<kw name="Abrir o navegador" library="hooks" type="SETUP">
<kw name="Open Browser" library="SeleniumLibrary">
<arg>http://automationpractice.com</arg>
<arg>chrome</arg>
<doc>Opens a new browser instance to the optional ``url``.</doc>
<msg timestamp="20221006 11:53:48.470" level="INFO">Opening browser 'chrome' to base url 'http://automationpractice.com'.</msg>
<status status="PASS" starttime="20221006 11:53:48.470" endtime="20221006 11:53:56.234"/>
</kw>
<kw name="Maximize Browser Window" library="SeleniumLibrary">
<doc>Maximizes current browser window.</doc>
<status status="PASS" starttime="20221006 11:53:56.235" endtime="20221006 11:53:56.350"/>
</kw>
<status status="PASS" starttime="20221006 11:53:48.468" endtime="20221006 11:53:56.350"/>
</kw>
<kw name="Acessar a página" library="kws_home">
<kw name="Go To" library="SeleniumLibrary">
<arg>http://automationpractice.com</arg>
<doc>Navigates the current browser window to the provided ``url``.</doc>
<msg timestamp="20221006 11:53:56.353" level="INFO">Opening url 'http://automationpractice.com'</msg>
<status status="PASS" starttime="20221006 11:53:56.353" endtime="20221006 11:53:58.157"/>
</kw>
<kw name="Wait Until Element Is Visible" library="SeleniumLibrary">
<arg>xpath=//*[@id="block_top_menu"]/ul</arg>
<doc>Waits until the element ``locator`` is visible.</doc>
<status status="PASS" starttime="20221006 11:53:58.158" endtime="20221006 11:53:58.213"/>
</kw>
<kw name="Title Should Be" library="SeleniumLibrary">
<arg>My Store</arg>
<doc>Verifies that the current page title equals ``title``.</doc>
<msg timestamp="20221006 11:53:58.219" level="INFO">Page title is 'My Store'.</msg>
<status status="PASS" starttime="20221006 11:53:58.213" endtime="20221006 11:53:58.219"/>
</kw>
<status status="PASS" starttime="20221006 11:53:56.352" endtime="20221006 11:53:58.219"/>
</kw>
<kw name="Digitar o nome do produto &quot;Blouse&quot; no campo de pesquisa" library="kws_home" sourcename="Digitar o nome do produto ${PRODUTO} no campo de pesquisa">
<kw name="Input Text" library="SeleniumLibrary">
<arg>name=search_query</arg>
<arg>${PRODUTO}</arg>
<doc>Types the given ``text`` into the text field identified by ``locator``.</doc>
<msg timestamp="20221006 11:53:58.220" level="INFO">Typing text '"Blouse"' into text field 'name=search_query'.</msg>
<status status="PASS" starttime="20221006 11:53:58.220" endtime="20221006 11:53:58.288"/>
</kw>
<status status="PASS" starttime="20221006 11:53:58.220" endtime="20221006 11:53:58.289"/>
</kw>
<kw name="Clicar no botão pesquisar" library="kws_home">
<kw name="Click Element" library="SeleniumLibrary">
<arg>name=submit_search</arg>
<doc>Click the element identified by ``locator``.</doc>
<msg timestamp="20221006 11:53:58.290" level="INFO">Clicking element 'name=submit_search'.</msg>
<status status="PASS" starttime="20221006 11:53:58.289" endtime="20221006 11:53:59.695"/>
</kw>
<status status="PASS" starttime="20221006 11:53:58.289" endtime="20221006 11:53:59.695"/>
</kw>
<kw name="Conferir se o produto foi listado no site" library="kws_home">
<kw name="Wait Until Element Is Visible" library="SeleniumLibrary">
<arg>xpath=//*[@id="center_column"]/h1</arg>
<doc>Waits until the element ``locator`` is visible.</doc>
<status status="PASS" starttime="20221006 11:53:59.696" endtime="20221006 11:53:59.717"/>
</kw>
<kw name="Title Should Be" library="SeleniumLibrary">
<arg>Search - My Store</arg>
<doc>Verifies that the current page title equals ``title``.</doc>
<msg timestamp="20221006 11:53:59.722" level="INFO">Page title is 'Search - My Store'.</msg>
<status status="PASS" starttime="20221006 11:53:59.717" endtime="20221006 11:53:59.722"/>
</kw>
<status status="PASS" starttime="20221006 11:53:59.696" endtime="20221006 11:53:59.722"/>
</kw>
<kw name="Fechar o navegador" library="hooks" type="TEARDOWN">
<kw name="Close Browser" library="SeleniumLibrary">
<doc>Closes the current browser.</doc>
<status status="PASS" starttime="20221006 11:53:59.723" endtime="20221006 11:54:01.848"/>
</kw>
<status status="PASS" starttime="20221006 11:53:59.723" endtime="20221006 11:54:01.848"/>
</kw>
<status status="PASS" starttime="20221006 11:53:48.466" endtime="20221006 11:54:01.849"/>
</test>
<status status="PASS" starttime="20221006 11:53:48.285" endtime="20221006 11:54:01.852"/>
</suite>
<statistics>
<total>
<stat pass="1" fail="0" skip="0">All Tests</stat>
</total>
<tag>
</tag>
<suite>
<stat pass="1" fail="0" skip="0" id="s1" name="Test">Test</stat>
</suite>
</statistics>
<errors>
</errors>
</robot>
