<?xml version="1.0" encoding="UTF-8"?>
<robot generator="Robot 5.0.1 (Python 3.10.7 on win32)" generated="20221006 11:10:10.894" rpa="false" schemaversion="3">
<suite id="s1" name="Test" source="C:\Projects\PERSONAL\SEARCH_ROBOT\test\features\test.robot">
<test id="s1-t1" name="Caso de Teste 01: Pesquisar BLOUSE" line="9">
<kw name="Abrir o navegador" library="hooks" type="SETUP">
<kw name="Open Browser" library="SeleniumLibrary">
<arg>about:blank</arg>
<arg>chrome</arg>
<doc>Opens a new browser instance to the optional ``url``.</doc>
<msg timestamp="20221006 11:10:11.073" level="INFO">Opening browser 'chrome' to base url 'about:blank'.</msg>
<status status="PASS" starttime="20221006 11:10:11.073" endtime="20221006 11:10:12.155"/>
</kw>
<kw name="Maximize Browser Window" library="SeleniumLibrary">
<doc>Maximizes current browser window.</doc>
<status status="PASS" starttime="20221006 11:10:12.155" endtime="20221006 11:10:12.268"/>
</kw>
<status status="PASS" starttime="20221006 11:10:11.072" endtime="20221006 11:10:12.268"/>
</kw>
<kw name="Acessar a página" library="kws_home">
<kw name="Go To" library="SeleniumLibrary">
<arg>http://automationpractice.com</arg>
<doc>Navigates the current browser window to the provided ``url``.</doc>
<msg timestamp="20221006 11:10:12.269" level="INFO">Opening url 'http://automationpractice.com'</msg>
<status status="PASS" starttime="20221006 11:10:12.269" endtime="20221006 11:10:50.627"/>
</kw>
<status status="PASS" starttime="20221006 11:10:12.268" endtime="20221006 11:10:50.627"/>
</kw>
<kw name="Pesquisar o produto &quot;BLOUSE&quot;" library="kws_home" sourcename="Pesquisar o produto &quot;${ITEM}&quot;">
<kw name="Input Text" library="SeleniumLibrary">
<arg>id=search_query_top</arg>
<arg>${ITEM}</arg>
<doc>Types the given ``text`` into the text field identified by ``locator``.</doc>
<msg timestamp="20221006 11:10:50.629" level="INFO">Typing text 'BLOUSE' into text field 'id=search_query_top'.</msg>
<status status="PASS" starttime="20221006 11:10:50.628" endtime="20221006 11:10:50.701"/>
</kw>
<kw name="Click Element" library="SeleniumLibrary">
<arg>class=btn.btn-default.button-search</arg>
<doc>Click the element identified by ``locator``.</doc>
<msg timestamp="20221006 11:10:50.701" level="INFO">Clicking element 'class=btn.btn-default.button-search'.</msg>
<status status="PASS" starttime="20221006 11:10:50.701" endtime="20221006 11:11:01.331"/>
</kw>
<status status="PASS" starttime="20221006 11:10:50.628" endtime="20221006 11:11:01.331"/>
</kw>
<kw name="Verificar que o produto &quot;BLOUSE&quot; foi listado nos resultados" library="kws_home" sourcename="Verificar que o produto &quot;${ITEM}&quot; foi listado nos resultados">
<kw name="Element Text Should Be" library="SeleniumLibrary">
<arg>xpath=/html/body/div/div[2]/div/div[3]/div[2]/h1/span[1]</arg>
<arg>"${ITEM}"</arg>
<doc>Verifies that element ``locator`` contains exact the text ``expected``.</doc>
<msg timestamp="20221006 11:11:01.335" level="INFO">Verifying element 'xpath=/html/body/div/div[2]/div/div[3]/div[2]/h1/span[1]' contains exact text '"BLOUSE"'.</msg>
<status status="PASS" starttime="20221006 11:11:01.334" endtime="20221006 11:11:01.362"/>
</kw>
<status status="PASS" starttime="20221006 11:11:01.333" endtime="20221006 11:11:01.362"/>
</kw>
<kw name="Fechar o navegador" library="hooks" type="TEARDOWN">
<kw name="Close Browser" library="SeleniumLibrary">
<doc>Closes the current browser.</doc>
<status status="PASS" starttime="20221006 11:11:01.362" endtime="20221006 11:11:03.517"/>
</kw>
<status status="PASS" starttime="20221006 11:11:01.362" endtime="20221006 11:11:03.518"/>
</kw>
<status status="PASS" starttime="20221006 11:10:11.071" endtime="20221006 11:11:03.519"/>
</test>
<status status="PASS" starttime="20221006 11:10:10.896" endtime="20221006 11:11:03.522"/>
</suite>
<statistics>
<total>
<stat pass="1" fail="0" skip="0">All Tests</stat>
</total>
<tag>
</tag>
<suite>
<stat pass="1" fail="0" skip="0" id="s1" name="Test">Test</stat>
</suite>
</statistics>
<errors>
</errors>
</robot>
