<?xml version="1.0" encoding="UTF-8"?>
<robot generator="Robot 5.0.1 (Python 3.10.7 on win32)" generated="20221005 21:57:00.543" rpa="false" schemaversion="3">
<suite id="s1" name="Test" source="C:\Projects\PERSONAL\ARQUITETURA_ROBOT\test\features\test.robot">
<test id="s1-t1" name="Caso de Teste 01:" line="10">
<kw name="Abrir o navegador" library="hooks" type="SETUP">
<kw name="Open Browser" library="SeleniumLibrary">
<arg>about:blank</arg>
<arg>chrome</arg>
<doc>Opens a new browser instance to the optional ``url``.</doc>
<msg timestamp="20221005 21:57:00.746" level="INFO">Opening browser 'chrome' to base url 'about:blank'.</msg>
<status status="PASS" starttime="20221005 21:57:00.746" endtime="20221005 21:57:01.855"/>
</kw>
<kw name="Maximize Browser Window" library="SeleniumLibrary">
<doc>Maximizes current browser window.</doc>
<status status="PASS" starttime="20221005 21:57:01.856" endtime="20221005 21:57:01.975"/>
</kw>
<status status="PASS" starttime="20221005 21:57:00.746" endtime="20221005 21:57:01.975"/>
</kw>
<kw name="Acessar a página do Learning Prime" library="kws_home">
<kw name="Go To" library="SeleniumLibrary">
<arg>https://learningprime.com.br/</arg>
<doc>Navigates the current browser window to the provided ``url``.</doc>
<msg timestamp="20221005 21:57:01.979" level="INFO">Opening url 'https://learningprime.com.br/'</msg>
<status status="PASS" starttime="20221005 21:57:01.979" endtime="20221005 21:57:07.113"/>
</kw>
<status status="PASS" starttime="20221005 21:57:01.975" endtime="20221005 21:57:07.113"/>
</kw>
<kw name="Clicar no segundo produto" library="kws_home">
<kw name="Wait Until Element Is Visible" library="SeleniumLibrary">
<arg>${PRODUTO.segundo}</arg>
<doc>Waits until the element ``locator`` is visible.</doc>
<status status="PASS" starttime="20221005 21:57:07.116" endtime="20221005 21:57:07.141"/>
</kw>
<kw name="Click Element" library="SeleniumLibrary">
<arg>${PRODUTO.segundo}</arg>
<doc>Click the element identified by ``locator``.</doc>
<msg timestamp="20221005 21:57:07.141" level="INFO">Clicking element 'id:product_2'.</msg>
<status status="PASS" starttime="20221005 21:57:07.141" endtime="20221005 21:57:08.361"/>
</kw>
<status status="PASS" starttime="20221005 21:57:07.115" endtime="20221005 21:57:08.361"/>
</kw>
<kw name="Tirar Print" library="kws_home">
<kw name="Sleep" library="BuiltIn">
<arg>1s</arg>
<doc>Pauses the test executed for the given time.</doc>
<msg timestamp="20221005 21:57:09.369" level="INFO">Slept 1 second</msg>
<status status="PASS" starttime="20221005 21:57:08.361" endtime="20221005 21:57:09.369"/>
</kw>
<kw name="Capture Page Screenshot" library="SeleniumLibrary">
<doc>Takes a screenshot of the current page and embeds it into a log file.</doc>
<msg timestamp="20221005 21:57:09.529" level="INFO" html="true">&lt;/td&gt;&lt;/tr&gt;&lt;tr&gt;&lt;td colspan="3"&gt;&lt;a href="selenium-screenshot-3.png"&gt;&lt;img src="selenium-screenshot-3.png" width="800px"&gt;&lt;/a&gt;</msg>
<status status="PASS" starttime="20221005 21:57:09.369" endtime="20221005 21:57:09.529"/>
</kw>
<status status="PASS" starttime="20221005 21:57:08.361" endtime="20221005 21:57:09.529"/>
</kw>
<kw name="Fechar o navegador" library="hooks" type="TEARDOWN">
<kw name="Close Browser" library="SeleniumLibrary">
<doc>Closes the current browser.</doc>
<status status="PASS" starttime="20221005 21:57:09.529" endtime="20221005 21:57:11.743"/>
</kw>
<status status="PASS" starttime="20221005 21:57:09.529" endtime="20221005 21:57:11.743"/>
</kw>
<tag>tc1</tag>
<status status="PASS" starttime="20221005 21:57:00.746" endtime="20221005 21:57:11.743"/>
</test>
<status status="PASS" starttime="20221005 21:57:00.549" endtime="20221005 21:57:11.743"/>
</suite>
<statistics>
<total>
<stat pass="1" fail="0" skip="0">All Tests</stat>
</total>
<tag>
<stat pass="1" fail="0" skip="0">tc1</stat>
</tag>
<suite>
<stat pass="1" fail="0" skip="0" id="s1" name="Test">Test</stat>
</suite>
</statistics>
<errors>
</errors>
</robot>
