<?xml version="1.0" encoding="UTF-8"?>
<robot generator="Robot 5.0.1 (Python 3.10.7 on win32)" generated="20221006 10:54:09.032" rpa="false" schemaversion="3">
<suite id="s1" name="Test" source="C:\Projects\PERSONAL\DEBUG_ROBOT\test\features\test.robot">
<test id="s1-t1" name="Caso de Teste 01: Pesquisar BLOUSE" line="10">
<kw name="Abrir o navegador" library="hooks" type="SETUP">
<kw name="Open Browser" library="SeleniumLibrary">
<arg>about:blank</arg>
<arg>chrome</arg>
<doc>Opens a new browser instance to the optional ``url``.</doc>
<msg timestamp="20221006 10:54:09.328" level="INFO">Opening browser 'chrome' to base url 'about:blank'.</msg>
<status status="PASS" starttime="20221006 10:54:09.328" endtime="20221006 10:54:10.401"/>
</kw>
<kw name="Maximize Browser Window" library="SeleniumLibrary">
<doc>Maximizes current browser window.</doc>
<status status="PASS" starttime="20221006 10:54:10.401" endtime="20221006 10:54:10.523"/>
</kw>
<status status="PASS" starttime="20221006 10:54:09.328" endtime="20221006 10:54:10.523"/>
</kw>
<kw name="Acessar a página" library="kws_home">
<kw name="Go To" library="SeleniumLibrary">
<arg>http://automationpractice.com</arg>
<doc>Navigates the current browser window to the provided ``url``.</doc>
<msg timestamp="20221006 10:54:10.525" level="INFO">Opening url 'http://automationpractice.com'</msg>
<status status="PASS" starttime="20221006 10:54:10.524" endtime="20221006 10:54:36.582"/>
</kw>
<status status="PASS" starttime="20221006 10:54:10.524" endtime="20221006 10:54:36.582"/>
</kw>
<kw name="Pesquisar o produto &quot;BLOUSE&quot;" library="kws_home" sourcename="Pesquisar o produto &quot;${ITEM}&quot;">
<kw name="Debug" library="DebugLibrary">
<doc>Open a interactive shell, run any RobotFramework keywords.</doc>
<kw name="Input Text" library="SeleniumLibrary">
<arg>id=search_query_top</arg>
<arg>${ITEM}</arg>
<doc>Types the given ``text`` into the text field identified by ``locator``.</doc>
<msg timestamp="20221006 10:54:58.227" level="INFO">Typing text 'BLOUSE' into text field 'id=search_query_top'.</msg>
<status status="PASS" starttime="20221006 10:54:58.226" endtime="20221006 10:54:58.305"/>
</kw>
<status status="PASS" starttime="20221006 10:54:36.583" endtime="20221006 10:55:52.624"/>
</kw>
<kw name="Click Element" library="SeleniumLibrary">
<arg>class=btn.btn-default.button-search</arg>
<doc>Click the element identified by ``locator``.</doc>
<msg timestamp="20221006 10:55:52.624" level="INFO">Clicking element 'class=btn.btn-default.button-search'.</msg>
<status status="PASS" starttime="20221006 10:55:52.624" endtime="20221006 10:56:04.517"/>
</kw>
<status status="PASS" starttime="20221006 10:54:36.583" endtime="20221006 10:56:04.517"/>
</kw>
<kw name="Verificar que o produto &quot;BLOUSE&quot; foi listado nos resultados" library="kws_home" sourcename="Verificar que o produto &quot;${ITEM}&quot; foi listado nos resultados">
<kw name="Element Text Should Be" library="SeleniumLibrary">
<arg>xpath=/html/body/div/div[2]/div/div[3]/div[2]/h1/span[1]</arg>
<arg>"${ITEM}"</arg>
<doc>Verifies that element ``locator`` contains exact the text ``expected``.</doc>
<msg timestamp="20221006 10:56:04.518" level="INFO">Verifying element 'xpath=/html/body/div/div[2]/div/div[3]/div[2]/h1/span[1]' contains exact text '"BLOUSE"'.</msg>
<status status="PASS" starttime="20221006 10:56:04.518" endtime="20221006 10:56:04.544"/>
</kw>
<status status="PASS" starttime="20221006 10:56:04.517" endtime="20221006 10:56:04.544"/>
</kw>
<kw name="Fechar o navegador" library="hooks">
<kw name="Close Browser" library="SeleniumLibrary">
<doc>Closes the current browser.</doc>
<status status="PASS" starttime="20221006 10:56:04.544" endtime="20221006 10:56:06.683"/>
</kw>
<status status="PASS" starttime="20221006 10:56:04.544" endtime="20221006 10:56:06.684"/>
</kw>
<kw name="Fechar o navegador" library="hooks" type="TEARDOWN">
<kw name="Close Browser" library="SeleniumLibrary">
<doc>Closes the current browser.</doc>
<status status="PASS" starttime="20221006 10:56:06.686" endtime="20221006 10:56:06.687"/>
</kw>
<status status="PASS" starttime="20221006 10:56:06.686" endtime="20221006 10:56:06.687"/>
</kw>
<status status="PASS" starttime="20221006 10:54:09.327" endtime="20221006 10:56:06.688"/>
</test>
<status status="PASS" starttime="20221006 10:54:09.034" endtime="20221006 10:56:06.691"/>
</suite>
<statistics>
<total>
<stat pass="1" fail="0" skip="0">All Tests</stat>
</total>
<tag>
</tag>
<suite>
<stat pass="1" fail="0" skip="0" id="s1" name="Test">Test</stat>
</suite>
</statistics>
<errors>
</errors>
</robot>
