<?xml version="1.0" encoding="UTF-8"?>
<robot generator="Robot 5.0.1 (Python 3.10.7 on win32)" generated="20221006 11:31:20.041" rpa="false" schemaversion="3">
<suite id="s1" name="Test" source="C:\Projects\PERSONAL\RETORNOS_ROBOT\test\features\test.robot">
<test id="s1-t1" name="Cenário: Divisão" line="8">
<kw name="Log To Console" library="BuiltIn" type="SETUP">
<arg>.</arg>
<doc>Logs the given message to the console.</doc>
<status status="PASS" starttime="20221006 11:31:20.246" endtime="20221006 11:31:20.247"/>
</kw>
<kw name="Dividir numero 8 por 2" library="kws_home" sourcename="Dividir numero ${valor1} por ${valor2}">
<var>${resultado_externo}</var>
<kw name="Evaluate" library="BuiltIn">
<var>${resultado_interno}</var>
<arg>${valor1}/${valor2}</arg>
<doc>Evaluates the given expression in Python and returns the result.</doc>
<msg timestamp="20221006 11:31:20.248" level="INFO">${resultado_interno} = 4.0</msg>
<status status="PASS" starttime="20221006 11:31:20.248" endtime="20221006 11:31:20.248"/>
</kw>
<msg timestamp="20221006 11:31:20.248" level="INFO">${resultado_externo} = 4.0</msg>
<status status="PASS" starttime="20221006 11:31:20.248" endtime="20221006 11:31:20.248"/>
</kw>
<kw name="Log To Console" library="BuiltIn">
<arg>O resultado da divisão é: ${resultado_externo}</arg>
<doc>Logs the given message to the console.</doc>
<status status="PASS" starttime="20221006 11:31:20.249" endtime="20221006 11:31:20.249"/>
</kw>
<status status="PASS" starttime="20221006 11:31:20.245" endtime="20221006 11:31:20.249"/>
</test>
<status status="PASS" starttime="20221006 11:31:20.043" endtime="20221006 11:31:20.251"/>
</suite>
<statistics>
<total>
<stat pass="1" fail="0" skip="0">All Tests</stat>
</total>
<tag>
</tag>
<suite>
<stat pass="1" fail="0" skip="0" id="s1" name="Test">Test</stat>
</suite>
</statistics>
<errors>
</errors>
</robot>
