<?xml version="1.0" encoding="UTF-8"?>
<robot generator="Robot 5.0.1 (Python 3.10.7 on win32)" generated="20221006 10:36:22.925" rpa="false" schemaversion="3">
<suite id="s1" name="Test" source="C:\Projects\PERSONAL\TAGS_ROBOT\test\features\test.robot">
<test id="s1-t1" name="Caso de Teste 01: Pesquisar BLOUSE" line="6">
<kw name="Abrir o navegador" library="hooks">
<kw name="Open Browser" library="SeleniumLibrary">
<arg>http://automationpractice.com</arg>
<arg>chrome</arg>
<doc>Opens a new browser instance to the optional ``url``.</doc>
<msg timestamp="20221006 10:36:23.128" level="INFO">Opening browser 'chrome' to base url 'http://automationpractice.com'.</msg>
<status status="PASS" starttime="20221006 10:36:23.127" endtime="20221006 10:36:34.682"/>
</kw>
<kw name="Maximize Browser Window" library="SeleniumLibrary">
<doc>Maximizes current browser window.</doc>
<status status="PASS" starttime="20221006 10:36:34.682" endtime="20221006 10:36:34.808"/>
</kw>
<status status="PASS" starttime="20221006 10:36:23.127" endtime="20221006 10:36:34.808"/>
</kw>
<kw name="Pesquisar o produto &quot;BLOUSE&quot;" library="kws_home" sourcename="Pesquisar o produto &quot;${ITEM}&quot;">
<kw name="Input Text" library="SeleniumLibrary">
<arg>id=search_query_top</arg>
<arg>${ITEM}</arg>
<doc>Types the given ``text`` into the text field identified by ``locator``.</doc>
<msg timestamp="20221006 10:36:34.811" level="INFO">Typing text 'BLOUSE' into text field 'id=search_query_top'.</msg>
<status status="PASS" starttime="20221006 10:36:34.810" endtime="20221006 10:36:34.892"/>
</kw>
<kw name="Click Element" library="SeleniumLibrary">
<arg>class=btn.btn-default.button-search</arg>
<doc>Click the element identified by ``locator``.</doc>
<msg timestamp="20221006 10:36:34.892" level="INFO">Clicking element 'class=btn.btn-default.button-search'.</msg>
<status status="PASS" starttime="20221006 10:36:34.892" endtime="20221006 10:36:49.783"/>
</kw>
<status status="PASS" starttime="20221006 10:36:34.809" endtime="20221006 10:36:49.783"/>
</kw>
<kw name="Verificar que o produto &quot;BLOUSE&quot; foi listado nos resultados" library="kws_home" sourcename="Verificar que o produto &quot;${ITEM}&quot; foi listado nos resultados">
<kw name="Element Text Should Be" library="SeleniumLibrary">
<arg>xpath=/html/body/div/div[2]/div/div[3]/div[2]/h1/span[1]</arg>
<arg>"${ITEM}"</arg>
<doc>Verifies that element ``locator`` contains exact the text ``expected``.</doc>
<msg timestamp="20221006 10:36:49.785" level="INFO">Verifying element 'xpath=/html/body/div/div[2]/div/div[3]/div[2]/h1/span[1]' contains exact text '"BLOUSE"'.</msg>
<status status="PASS" starttime="20221006 10:36:49.785" endtime="20221006 10:36:49.808"/>
</kw>
<status status="PASS" starttime="20221006 10:36:49.784" endtime="20221006 10:36:49.808"/>
</kw>
<kw name="Fechar o navegador" library="hooks">
<kw name="Close Browser" library="SeleniumLibrary">
<doc>Closes the current browser.</doc>
<status status="PASS" starttime="20221006 10:36:49.809" endtime="20221006 10:36:51.972"/>
</kw>
<status status="PASS" starttime="20221006 10:36:49.809" endtime="20221006 10:36:51.973"/>
</kw>
<tag>tag1</tag>
<status status="PASS" starttime="20221006 10:36:23.126" endtime="20221006 10:36:51.974"/>
</test>
<status status="PASS" starttime="20221006 10:36:22.927" endtime="20221006 10:36:51.977"/>
</suite>
<statistics>
<total>
<stat pass="1" fail="0" skip="0">All Tests</stat>
</total>
<tag>
<stat pass="1" fail="0" skip="0">tag1</stat>
</tag>
<suite>
<stat pass="1" fail="0" skip="0" id="s1" name="Test">Test</stat>
</suite>
</statistics>
<errors>
</errors>
</robot>
