<?xml version="1.0" encoding="UTF-8"?>
<robot generator="Robot 5.0.1 (Python 3.10.7 on win32)" generated="20221006 11:44:26.430" rpa="false" schemaversion="3">
<suite id="s1" name="Test" source="C:\Projects\PERSONAL\DESVIOS_CONDICIONAIS_ROBOT\test\features\test.robot">
<test id="s1-t1" name="Cenário: Testes Condicionais" line="8">
<kw name="Log To Console" library="BuiltIn" type="SETUP">
<arg>.</arg>
<doc>Logs the given message to the console.</doc>
<status status="PASS" starttime="20221006 11:44:26.612" endtime="20221006 11:44:26.613"/>
</kw>
<kw name="Verificar se 1 &gt; 2" library="kws_home" sourcename="Verificar se ${valor1} &gt; ${valor2}">
<if>
<branch type="IF" condition="${valor1} &gt; ${valor2}">
<kw name="Log To Console" library="BuiltIn">
<arg>${valor1} é MAIOR que ${valor2}</arg>
<doc>Logs the given message to the console.</doc>
<status status="NOT RUN" starttime="20221006 11:44:26.615" endtime="20221006 11:44:26.615"/>
</kw>
<status status="NOT RUN" starttime="20221006 11:44:26.615" endtime="20221006 11:44:26.615"/>
</branch>
<branch type="ELSE">
<kw name="Log To Console" library="BuiltIn">
<arg>${valor1} é MENOR que ${valor2}</arg>
<doc>Logs the given message to the console.</doc>
<status status="PASS" starttime="20221006 11:44:26.615" endtime="20221006 11:44:26.616"/>
</kw>
<status status="PASS" starttime="20221006 11:44:26.615" endtime="20221006 11:44:26.616"/>
</branch>
<status status="PASS" starttime="20221006 11:44:26.614" endtime="20221006 11:44:26.616"/>
</if>
<status status="PASS" starttime="20221006 11:44:26.614" endtime="20221006 11:44:26.616"/>
</kw>
<status status="PASS" starttime="20221006 11:44:26.611" endtime="20221006 11:44:26.617"/>
</test>
<doc>Demonstração de tipos de variáveis</doc>
<status status="PASS" starttime="20221006 11:44:26.431" endtime="20221006 11:44:26.618"/>
</suite>
<statistics>
<total>
<stat pass="1" fail="0" skip="0">All Tests</stat>
</total>
<tag>
</tag>
<suite>
<stat pass="1" fail="0" skip="0" id="s1" name="Test">Test</stat>
</suite>
</statistics>
<errors>
</errors>
</robot>
