<?xml version="1.0" encoding="UTF-8"?>
<robot generator="Robot 5.0.1 (Python 3.10.7 on win32)" generated="20221006 11:40:03.600" rpa="false" schemaversion="3">
<suite id="s1" name="Test" source="C:\Projects\PERSONAL\ARGUMENTOS_ROBOT\NOMINAL_ROBOT\test\features\test.robot">
<test id="s1-t1" name="Cenário: Exibir nome no console" line="8">
<kw name="Log To Console" library="BuiltIn" type="SETUP">
<arg>.</arg>
<doc>Logs the given message to the console.</doc>
<status status="PASS" starttime="20221006 11:40:03.781" endtime="20221006 11:40:03.782"/>
</kw>
<kw name="Imprimir nome e sobrenome em linhas apartadas" library="kws_home">
<arg>nome=José</arg>
<arg>sobrenome=Silva</arg>
<kw name="Log To Console" library="BuiltIn">
<arg>Seu nome é____.: ${nome}</arg>
<doc>Logs the given message to the console.</doc>
<status status="PASS" starttime="20221006 11:40:03.783" endtime="20221006 11:40:03.783"/>
</kw>
<kw name="Log To Console" library="BuiltIn">
<arg>Seu sobrenome é: ${sobrenome}</arg>
<doc>Logs the given message to the console.</doc>
<status status="PASS" starttime="20221006 11:40:03.783" endtime="20221006 11:40:03.784"/>
</kw>
<status status="PASS" starttime="20221006 11:40:03.782" endtime="20221006 11:40:03.784"/>
</kw>
<status status="PASS" starttime="20221006 11:40:03.781" endtime="20221006 11:40:03.785"/>
</test>
<status status="PASS" starttime="20221006 11:40:03.602" endtime="20221006 11:40:03.787"/>
</suite>
<statistics>
<total>
<stat pass="1" fail="0" skip="0">All Tests</stat>
</total>
<tag>
</tag>
<suite>
<stat pass="1" fail="0" skip="0" id="s1" name="Test">Test</stat>
</suite>
</statistics>
<errors>
</errors>
</robot>
