<?xml version="1.0" encoding="UTF-8"?>
<robot generator="Robot 5.0.1 (Python 3.10.7 on win32)" generated="20221006 11:29:37.960" rpa="false" schemaversion="3">
<suite id="s1" name="Test" source="C:\Projects\PERSONAL\TIPOS_VARIAVEIS_ROBOT\test\features\test.robot">
<test id="s1-t1" name="Cenario 01: Variavel Simples" line="9">
<kw name="Log To Console" library="BuiltIn" type="SETUP">
<arg>.</arg>
<doc>Logs the given message to the console.</doc>
<status status="PASS" starttime="20221006 11:29:38.141" endtime="20221006 11:29:38.141"/>
</kw>
<kw name="Logar Variavel Simples No Console" library="kws_home">
<kw name="Log To Console" library="BuiltIn">
<arg>Variavel Simples</arg>
<doc>Logs the given message to the console.</doc>
<status status="PASS" starttime="20221006 11:29:38.142" endtime="20221006 11:29:38.142"/>
</kw>
<kw name="Log To Console" library="BuiltIn">
<arg>Sou uma variavel simples, meu conteúdo é: ${SIMPLES_STRING}</arg>
<doc>Logs the given message to the console.</doc>
<status status="PASS" starttime="20221006 11:29:38.143" endtime="20221006 11:29:38.143"/>
</kw>
<kw name="Log To Console" library="BuiltIn">
<arg>Sou uma variavel simples, meu conteúdo é: ${SIMPLES_NUMERICA}</arg>
<doc>Logs the given message to the console.</doc>
<status status="PASS" starttime="20221006 11:29:38.143" endtime="20221006 11:29:38.143"/>
</kw>
<kw name="Log To Console" library="BuiltIn">
<arg>Sou uma variavel simples, meu conteúdo é: ${SIMPLES_BOOLEANA}</arg>
<doc>Logs the given message to the console.</doc>
<status status="PASS" starttime="20221006 11:29:38.143" endtime="20221006 11:29:38.144"/>
</kw>
<status status="PASS" starttime="20221006 11:29:38.142" endtime="20221006 11:29:38.144"/>
</kw>
<kw name="Log To Console" library="BuiltIn" type="TEARDOWN">
<arg>-----------------------------------------------------------------------------</arg>
<doc>Logs the given message to the console.</doc>
<status status="PASS" starttime="20221006 11:29:38.144" endtime="20221006 11:29:38.145"/>
</kw>
<status status="PASS" starttime="20221006 11:29:38.140" endtime="20221006 11:29:38.145"/>
</test>
<test id="s1-t2" name="Cenario 02: Variavel Lista" line="12">
<kw name="Log To Console" library="BuiltIn" type="SETUP">
<arg>.</arg>
<doc>Logs the given message to the console.</doc>
<status status="PASS" starttime="20221006 11:29:38.147" endtime="20221006 11:29:38.147"/>
</kw>
<kw name="Logar Variavel Lista No Console" library="kws_home">
<kw name="Log To Console" library="BuiltIn">
<arg>Primeiro Cliente: ${LISTA}[0]</arg>
<doc>Logs the given message to the console.</doc>
<status status="PASS" starttime="20221006 11:29:38.147" endtime="20221006 11:29:38.148"/>
</kw>
<kw name="Log To Console" library="BuiltIn">
<arg>Segundo Cliente: ${LISTA}[1]</arg>
<doc>Logs the given message to the console.</doc>
<status status="PASS" starttime="20221006 11:29:38.148" endtime="20221006 11:29:38.148"/>
</kw>
<kw name="Log To Console" library="BuiltIn">
<arg>Terceiro Cliente: ${LISTA}[2]</arg>
<doc>Logs the given message to the console.</doc>
<status status="PASS" starttime="20221006 11:29:38.148" endtime="20221006 11:29:38.149"/>
</kw>
<status status="PASS" starttime="20221006 11:29:38.147" endtime="20221006 11:29:38.149"/>
</kw>
<kw name="Log To Console" library="BuiltIn" type="TEARDOWN">
<arg>-----------------------------------------------------------------------------</arg>
<doc>Logs the given message to the console.</doc>
<status status="PASS" starttime="20221006 11:29:38.149" endtime="20221006 11:29:38.150"/>
</kw>
<status status="PASS" starttime="20221006 11:29:38.146" endtime="20221006 11:29:38.150"/>
</test>
<test id="s1-t3" name="Cenario 03: Variavel Dicionario" line="15">
<kw name="Log To Console" library="BuiltIn" type="SETUP">
<arg>.</arg>
<doc>Logs the given message to the console.</doc>
<status status="PASS" starttime="20221006 11:29:38.151" endtime="20221006 11:29:38.152"/>
</kw>
<kw name="Logar Variavel Dicionario No Console" library="kws_home">
<kw name="Log To Console" library="BuiltIn">
<arg>Nome Cliente: ${DICIONARIO.nome}</arg>
<doc>Logs the given message to the console.</doc>
<status status="PASS" starttime="20221006 11:29:38.152" endtime="20221006 11:29:38.153"/>
</kw>
<kw name="Log To Console" library="BuiltIn">
<arg>Email Cliente: ${DICIONARIO.email}</arg>
<doc>Logs the given message to the console.</doc>
<status status="PASS" starttime="20221006 11:29:38.153" endtime="20221006 11:29:38.154"/>
</kw>
<kw name="Log To Console" library="BuiltIn">
<arg>Idade Cliente: ${DICIONARIO.idade}</arg>
<doc>Logs the given message to the console.</doc>
<status status="PASS" starttime="20221006 11:29:38.154" endtime="20221006 11:29:38.156"/>
</kw>
<status status="PASS" starttime="20221006 11:29:38.152" endtime="20221006 11:29:38.156"/>
</kw>
<kw name="Log To Console" library="BuiltIn" type="TEARDOWN">
<arg>-----------------------------------------------------------------------------</arg>
<doc>Logs the given message to the console.</doc>
<status status="PASS" starttime="20221006 11:29:38.158" endtime="20221006 11:29:38.159"/>
</kw>
<status status="PASS" starttime="20221006 11:29:38.151" endtime="20221006 11:29:38.159"/>
</test>
<doc>Demonstração de tipos de variáveis</doc>
<status status="PASS" starttime="20221006 11:29:37.962" endtime="20221006 11:29:38.160"/>
</suite>
<statistics>
<total>
<stat pass="3" fail="0" skip="0">All Tests</stat>
</total>
<tag>
</tag>
<suite>
<stat pass="3" fail="0" skip="0" id="s1" name="Test">Test</stat>
</suite>
</statistics>
<errors>
</errors>
</robot>
